# JRE version: Java(TM) SE Runtime Environment 18.9 (11.0.16+11) (build 11.0.16+11-LTS-199)
# Java VM: Java HotSpot(TM) 64-Bit Server VM 18.9 (11.0.16+11-LTS-199, mixed mode, tiered, compressed oops, g1 gc, windows-amd64)
Heap:
 garbage-first heap   total 414720K, used 109367K [0x0000000080000000, 0x0000000100000000)
  region size 1024K, 1 young (1024K), 1 survivors (1024K)
 Metaspace       used 81516K, capacity 84115K, committed 84300K, reserved 589824K
  class space    used 10549K, capacity 11570K, committed 11648K, reserved 516096K
GC Heap History (10 events):
Event: 223.896 GC heap after
{Heap after GC invocations=34 (full 0):
 garbage-first heap   total 136192K, used 111596K [0x0000000080000000, 0x0000000100000000)
  region size 1024K, 1 young (1024K), 1 survivors (1024K)
 Metaspace       used 80456K, capacity 82921K, committed 83148K, reserved 587776K
  class space    used 10443K, capacity 11437K, committed 11520K, reserved 516096K
}
Event: 224.007 GC heap before
{Heap before GC invocations=34 (full 0):
 garbage-first heap   total 136192K, used 116716K [0x0000000080000000, 0x0000000100000000)
  region size 1024K, 6 young (6144K), 1 survivors (1024K)
 Metaspace       used 80456K, capacity 82921K, committed 83148K, reserved 587776K
  class space    used 10443K, capacity 11437K, committed 11520K, reserved 516096K
}
Event: 224.020 GC heap after
{Heap after GC invocations=35 (full 0):
 garbage-first heap   total 185344K, used 112905K [0x0000000080000000, 0x0000000100000000)
  region size 1024K, 1 young (1024K), 1 survivors (1024K)
 Metaspace       used 80456K, capacity 82921K, committed 83148K, reserved 587776K
  class space    used 10443K, capacity 11437K, committed 11520K, reserved 516096K
}
Event: 224.642 GC heap before
{Heap before GC invocations=36 (full 0):
 garbage-first heap   total 185344K, used 122121K [0x0000000080000000, 0x0000000100000000)
  region size 1024K, 21 young (21504K), 1 survivors (1024K)
 Metaspace       used 80506K, capacity 83027K, committed 83148K, reserved 587776K
  class space    used 10451K, capacity 11472K, committed 11520K, reserved 516096K
}
Event: 224.671 GC heap after
{Heap after GC invocations=37 (full 0):
 garbage-first heap   total 185344K, used 111616K [0x0000000080000000, 0x0000000100000000)
  region size 1024K, 3 young (3072K), 3 survivors (3072K)
 Metaspace       used 80506K, capacity 83027K, committed 83148K, reserved 587776K
  class space    used 10451K, capacity 11472K, committed 11520K, reserved 516096K
}
Event: 224.792 GC heap before
{Heap before GC invocations=37 (full 0):
 garbage-first heap   total 185344K, used 117760K [0x0000000080000000, 0x0000000100000000)
  region size 1024K, 9 young (9216K), 3 survivors (3072K)
 Metaspace       used 80543K, capacity 83044K, committed 83148K, reserved 587776K
  class space    used 10456K, capacity 11478K, committed 11520K, reserved 516096K
}
Event: 224.860 GC heap after
{Heap after GC invocations=38 (full 0):
 garbage-first heap   total 185344K, used 106242K [0x0000000080000000, 0x0000000100000000)
  region size 1024K, 2 young (2048K), 2 survivors (2048K)
 Metaspace       used 80543K, capacity 83044K, committed 83148K, reserved 587776K
  class space    used 10456K, capacity 11478K, committed 11520K, reserved 516096K
}
Event: 226.448 GC heap before
{Heap before GC invocations=38 (full 0):
 garbage-first heap   total 185344K, used 114434K [0x0000000080000000, 0x0000000100000000)
  region size 1024K, 9 young (9216K), 2 survivors (2048K)
 Metaspace       used 80868K, capacity 83369K, committed 83404K, reserved 589824K
  class space    used 10493K, capacity 11519K, committed 11520K, reserved 516096K
}
Event: 226.469 GC heap after
{Heap after GC invocations=39 (full 0):
 garbage-first heap   total 185344K, used 108535K [0x0000000080000000, 0x0000000100000000)
  region size 1024K, 2 young (2048K), 2 survivors (2048K)
 Metaspace       used 80868K, capacity 83369K, committed 83404K, reserved 589824K
  class space    used 10493K, capacity 11519K, committed 11520K, reserved 516096K
}
Event: 228.963 GC heap before
{Heap before GC invocations=39 (full 0):
 garbage-first heap   total 185344K, used 130039K [0x0000000080000000, 0x0000000100000000)
  region size 1024K, 23 young (23552K), 2 survivors (2048K)
 Metaspace       used 81516K, capacity 84115K, committed 84300K, reserved 589824K
  class space    used 10549K, capacity 11570K, committed 11648K, reserved 516096K
}

